The Dart VM service is listening on http://127.0.0.1:41885/_5DyFve9l3Q=/
The Dart DevTools debugger and profiler is available at: http://127.0.0.1:41885/_5DyFve9l3Q=/devtools?uri=ws://127.0.0.1:41885/_5DyFve9l3Q=/ws
[WrapWithConsumer] 2023-12-01T19:55:17.097481 Plugin WrapWithConsumer threw while analyzing /home/catalunha/myapp/navigator-2.0/lib/main.dart:
[WrapWithConsumer] 2023-12-01T19:55:17.097481 InconsistentAnalysisException: Requested result might be inconsistent with previously returned results
[WrapWithConsumer] 2023-12-01T19:55:17.097481
[WrapWithConsumer] 2023-12-01T19:55:17.097481 #0      AnalysisSessionImpl._checkConsistency (package:analyzer/src/dart/analysis/session.dart:135:7)
[WrapWithConsumer] 2023-12-01T19:55:17.097481 #1      AnalysisSessionImpl.getResolvedUnit (package:analyzer/src/dart/analysis/session.dart:121:5)
[WrapWithConsumer] 2023-12-01T19:55:17.097481 #2      ChangeBuilderImpl._createDartFileEditBuilder (package:analyzer_plugin/src/utilities/change_builder/change_builder_core.dart:287:33)
[WrapWithConsumer] 2023-12-01T19:55:17.097481 #3      ChangeBuilderImpl.addDartFileEdit (package:analyzer_plugin/src/utilities/change_builder/change_builder_core.dart:136:23)
[WrapWithConsumer] 2023-12-01T19:55:17.097481 #4      _ChangeBuilderImpl.addDartFileEdit (package:custom_lint_core/src/change_reporter.dart:116:33)
[WrapWithConsumer] 2023-12-01T19:55:17.097481 #5      WrapWithConsumer.run.<anonymous closure> (package:riverpod_lint/src/assists/wrap_with_consumer.dart:35:21)
[WrapWithConsumer] 2023-12-01T19:55:17.097481 #6      _rootRunUnary (dart:async/zone.dart:1415:13)
[WrapWithConsumer] 2023-12-01T19:55:17.097481 #7      _CustomZone.runUnary (dart:async/zone.dart:1308:19)
[WrapWithConsumer] 2023-12-01T19:55:17.097481 #8      LinterVisitor._runSubscriptions (package:custom_lint_core/src/node_lint_visitor.g.dart:29:27)
[WrapWithConsumer] 2023-12-01T19:55:17.097481 #9      LinterVisitor.visitInstanceCreationExpression (package:custom_lint_core/src/node_lint_visitor.g.dart:609:5)
[WrapWithConsumer] 2023-12-01T19:55:17.097481 #10     InstanceCreationExpressionImpl.accept (package:analyzer/src/dart/ast/ast.dart:10462:15)
[WrapWithConsumer] 2023-12-01T19:55:17.097481 #11     NodeListImpl.accept (package:analyzer/src/dart/ast/ast.dart:12998:20)
[WrapWithConsumer] 2023-12-01T19:55:17.097481 #12     ArgumentListImpl.visitChildren (package:analyzer/src/dart/ast/ast.dart:510:16)
[WrapWithConsumer] 2023-12-01T19:55:17.097481 #13     GeneralizingAstVisitor.visitNode (package:analyzer/dart/ast/visitor.dart:535:10)
[WrapWithConsumer] 2023-12-01T19:55:17.097481 #14     LinterVisitor.visitNode (package:custom_lint_core/src/node_lint_visitor.g.dart:784:11)
[WrapWithConsumer] 2023-12-01T19:55:17.097481 #15     GeneralizingAstVisitor.visitArgumentList (package:analyzer/dart/ast/visitor.dart:143:46)
[WrapWithConsumer] 2023-12-01T19:55:17.097481 #16     LinterVisitor.visitArgumentList (package:custom_lint_core/src/node_lint_visitor.g.dart:58:11)
[WrapWithConsumer] 2023-12-01T19:55:17.097481 #17     ArgumentListImpl.accept (package:analyzer/src/dart/ast/ast.dart:506:50)
[WrapWithConsumer] 2023-12-01T19:55:17.097481 #18     MethodInvocationImpl.visitChildren (package:analyzer/src/dart/ast/ast.dart:12327:19)
[WrapWithConsumer] 2023-12-01T19:55:17.097481 #19     GeneralizingAstVisitor.visitNode (package:analyzer/dart/ast/visitor.dart:535:10)
[WrapWithConsumer] 2023-12-01T19:55:17.097481 #20     LinterVisitor.visitNode (package:custom_lint_core/src/node_lint_visitor.g.dart:784:11)
[WrapWithConsumer] 2023-12-01T19:55:17.097481 #21     GeneralizingAstVisitor.visitCollectionElement (package:analyzer/dart/ast/visitor.dart:208:56)
[WrapWithConsumer] 2023-12-01T19:55:17.097481 #22     LinterVisitor.visitCollectionElement (package:custom_lint_core/src/node_lint_visitor.g.dart:184:11)
[WrapWithConsumer] 2023-12-01T19:55:17.097481 #23     GeneralizingAstVisitor.visitExpression (package:analyzer/dart/ast/visitor.dart:305:42)
[WrapWithConsumer] 2023-12-01T19:55:17.097481 #24     LinterVisitor.visitExpression (package:custom_lint_core/src/node_lint_visitor.g.dart:370:11)
[WrapWithConsumer] 2023-12-01T19:55:17.097481 #25     GeneralizingAstVisitor.visitInvocationExpression (package:analyzer/dart/ast/visitor.dart:459:7)
[WrapWithConsumer] 2023-12-01T19:55:17.097481 #26     LinterVisitor.visitInvocationExpression (package:custom_lint_core/src/node_lint_visitor.g.dart:640:11)
[WrapWithConsumer] 2023-12-01T19:55:17.097481 #27     GeneralizingAstVisitor.visitMethodInvocation (package:analyzer/dart/ast/visitor.dart:509:7)
[WrapWithConsumer] 2023-12-01T19:55:17.097481 #28     LinterVisitor.visitMethodInvocation (package:custom_lint_core/src/node_lint_visitor.g.dart:736:11)
[WrapWithConsumer] 2023-12-01T19:55:17.097481 #29     MethodInvocationImpl.accept (package:analyzer/src/dart/ast/ast.dart:12315:50)
[WrapWithConsumer] 2023-12-01T19:55:17.097481 #30     ExpressionStatementImpl.visitChildren (package:analyzer/src/dart/ast/ast.dart:6351:17)
[WrapWithConsumer] 2023-12-01T19:55:17.097481 #31     GeneralizingAstVisitor.visitNode (package:analyzer/dart/ast/visitor.dart:535:10)
[WrapWithConsumer] 2023-12-01T19:55:17.097481 #32     LinterVisitor.visitNode (package:custom_lint_core/src/node_lint_visitor.g.dart:784:11)
[WrapWithConsumer] 2023-12-01T19:55:17.097481 #33     GeneralizingAstVisitor.visitStatement (package:analyzer/dart/ast/visitor.dart:679:40)
[WrapWithConsumer] 2023-12-01T19:55:17.097481 #34     LinterVisitor.visitStatement (package:custom_lint_core/src/node_lint_visitor.g.dart:1029:11)
[WrapWithConsumer] 2023-12-01T19:55:17.097481 #35     GeneralizingAstVisitor.visitExpressionStatement (package:analyzer/dart/ast/visitor.dart:312:60)
[WrapWithConsumer] 2023-12-01T19:55:17.097481 #36     LinterVisitor.visitExpressionStatement (package:custom_lint_core/src/node_lint_visitor.g.dart:382:11)
[WrapWithConsumer] 2023-12-01T19:55:17.097481 #37     ExpressionStatementImpl.accept (package:analyzer/src/dart/ast/ast.dart:6347:50)
[WrapWithConsumer] 2023-12-01T19:55:17.097481 #38     NodeListImpl.accept (package:analyzer/src/dart/ast/ast.dart:12998:20)
[WrapWithConsumer] 2023-12-01T19:55:17.097481 #39     BlockImpl.visitChildren (package:analyzer/src/dart/ast/ast.dart:1979:17)
[WrapWithConsumer] 2023-12-01T19:55:17.097481 #40     GeneralizingAstVisitor.visitNode (package:analyzer/dart/ast/visitor.dart:535:10)
[WrapWithConsumer] 2023-12-01T19:55:17.097481 #41     LinterVisitor.visitNode (package:custom_lint_core/src/node_lint_visitor.g.dart:784:11)
[WrapWithConsumer] 2023-12-01T19:55:17.097481 #42     GeneralizingAstVisitor.visitStatement (package:analyzer/dart/ast/visitor.dart:679:40)
[WrapWithConsumer] 2023-12-01T19:55:17.097481 #43     LinterVisitor.visitStatement (package:custom_lint_core/src/node_lint_visitor.g.dart:1029:11)
[WrapWithConsumer] 2023-12-01T19:55:17.097481 #44     GeneralizingAstVisitor.visitBlock (package:analyzer/dart/ast/visitor.dart:173:32)
[WrapWithConsumer] 2023-12-01T19:55:17.097481 #45     LinterVisitor.visitBlock (package:custom_lint_core/src/node_lint_visitor.g.dart:112:11)
[WrapWithConsumer] 2023-12-01T19:55:17.097481 #46     BlockImpl.accept (package:analyzer/src/dart/ast/ast.dart:1975:50)
[WrapWithConsumer] 2023-12-01T19:55:17.097481 #47     BlockFunctionBodyImpl.visitChildren (package:analyzer/src/dart/ast/ast.dart:1930:12)
[WrapWithConsumer] 2023-12-01T19:55:17.097481 #48     GeneralizingAstVisitor.visitNode (package:analyzer/dart/ast/visitor.dart:535:10)
[WrapWithConsumer] 2023-12-01T19:55:17.097481 #49     LinterVisitor.visitNode (package:custom_lint_core/src/node_lint_visitor.g.dart:784:11)
[WrapWithConsumer] 2023-12-01T19:55:17.097481 #50     GeneralizingAstVisitor.visitFunctionBody (package:analyzer/dart/ast/visitor.dart:373:46)
[WrapWithConsumer] 2023-12-01T19:55:17.097481 #51     LinterVisitor.visitFunctionBody (package:custom_lint_core/src/node_lint_visitor.g.dart:490:11)
[WrapWithConsumer] 2023-12-01T19:55:17.097481 #52     GeneralizingAstVisitor.visitBlockFunctionBody (package:analyzer/dart/ast/visitor.dart:176:56)
[WrapWithConsumer] 2023-12-01T19:55:17.097481 #53     LinterVisitor.visitBlockFunctionBody (package:custom_lint_core/src/node_lint_visitor.g.dart:118:11)
[WrapWithConsumer] 2023-12-01T19:55:17.097481 #54     BlockFunctionBodyImpl.accept (package:analyzer/src/dart/ast/ast.dart:1922:50)
[WrapWithConsumer] 2023-12-01T19:55:17.097481 #55     FunctionExpressionImpl.visitChildren (package:analyzer/src/dart/ast/ast.dart:8521:11)
[WrapWithConsumer] 2023-12-01T19:55:17.097481 #56     GeneralizingAstVisitor.visitNode (package:analyzer/dart/ast/visitor.dart:535:10)
[WrapWithConsumer] 2023-12-01T19:55:17.097481 #57     LinterVisitor.visitNode (package:custom_lint_core/src/node_lint_visitor.g.dart:784:11)
[WrapWithConsumer] 2023-12-01T19:55:17.097481 #58     GeneralizingAstVisitor.visitCollectionElement (package:analyzer/dart/ast/visitor.dart:208:56)
[WrapWithConsumer] 2023-12-01T19:55:17.097481 #59     LinterVisitor.visitCollectionElement (package:custom_lint_core/src/node_lint_visitor.g.dart:184:11)
[WrapWithConsumer] 2023-12-01T19:55:17.097481 #60     GeneralizingAstVisitor.visitExpression (package:analyzer/dart/ast/visitor.dart:305:42)
[WrapWithConsumer] 2023-12-01T19:55:17.097481 #61     LinterVisitor.visitExpression (package:custom_lint_core/src/node_lint_visitor.g.dart:370:11)
[WrapWithConsumer] 2023-12-01T19:55:17.097481 #62     GeneralizingAstVisitor.visitFunctionExpression (package:analyzer/dart/ast/visitor.dart:388:58)
[WrapWithConsumer] 2023-12-01T19:55:17.097481 #63     LinterVisitor.visitFunctionExpression (package:custom_lint_core/src/node_lint_visitor.g.dart:508:11)
[WrapWithConsumer] 2023-12-01T19:55:17.097481 #64     FunctionExpressionImpl.accept (package:analyzer/src/dart/ast/ast.dart:8510:50)
[WrapWithConsumer] 2023-12-01T19:55:17.097481 #65     FunctionDeclarationImpl.visitChildren (package:analyzer/src/dart/ast/ast.dart:8355:25)
[WrapWithConsumer] 2023-12-01T19:55:17.097481 #66     GeneralizingAstVisitor.visitNode (package:analyzer/dart/ast/visitor.dart:535:10)
[WrapWithConsumer] 2023-12-01T19:55:17.097481 #67     LinterVisitor.visitNode (package:custom_lint_core/src/node_lint_visitor.g.dart:784:11)
[WrapWithConsumer] 2023-12-01T19:55:17.097481 #68     GeneralizingAstVisitor.visitAnnotatedNode (package:analyzer/dart/ast/visitor.dart:137:48)
[WrapWithConsumer] 2023-12-01T19:55:17.097481 #69     LinterVisitor.visitAnnotatedNode (package:custom_lint_core/src/node_lint_visitor.g.dart:46:11)
[WrapWithConsumer] 2023-12-01T19:55:17.097481 #70     GeneralizingAstVisitor.visitDeclaration (package:analyzer/dart/ast/visitor.dart:260:44)
[WrapWithConsumer] 2023-12-01T19:55:17.097481 #71     LinterVisitor.visitDeclaration (package:custom_lint_core/src/node_lint_visitor.g.dart:286:11)
[WrapWithConsumer] 2023-12-01T19:55:17.097481 #72     GeneralizingAstVisitor.visitCompilationUnitMember (package:analyzer/dart/ast/visitor.dart:222:7)
[WrapWithConsumer] 2023-12-01T19:55:17.097481 #73     LinterVisitor.visitCompilationUnitMember (package:custom_lint_core/src/node_lint_visitor.g.dart:214:11)
[WrapWithConsumer] 2023-12-01T19:55:17.097481 #74     GeneralizingAstVisitor.visitNamedCompilationUnitMember (package:analyzer/dart/ast/visitor.dart:516:7)
[WrapWithConsumer] 2023-12-01T19:55:17.097481 #75     LinterVisitor.visitNamedCompilationUnitMember (package:custom_lint_core/src/node_lint_visitor.g.dart:748:11)
[WrapWithConsumer] 2023-12-01T19:55:17.097481 #76     GeneralizingAstVisitor.visitFunctionDeclaration (package:analyzer/dart/ast/visitor.dart:380:12)
[WrapWithConsumer] 2023-12-01T19:55:17.097481 #77     LinterVisitor.visitFunctionDeclaration (package:custom_lint_core/src/node_lint_visitor.g.dart:496:11)
[WrapWithConsumer] 2023-12-01T19:55:17.097481 #78     FunctionDeclarationImpl.accept (package:analyzer/src/dart/ast/ast.dart:8349:50)
[WrapWithConsumer] 2023-12-01T19:55:17.097481 #79     NodeListImpl.accept (package:analyzer/src/dart/ast/ast.dart:12998:20)
[WrapWithConsumer] 2023-12-01T19:55:17.097481 #80     CompilationUnitImpl.visitChildren (package:analyzer/src/dart/ast/ast.dart:3631:21)
[WrapWithConsumer] 2023-12-01T19:55:17.097481 #81     GeneralizingAstVisitor.visitNode (package:analyzer/dart/ast/visitor.dart:535:10)
[WrapWithConsumer] 2023-12-01T19:55:17.097481 #82     LinterVisitor.visitNode (package:custom_lint_core/src/node_lint_visitor.g.dart:784:11)
[WrapWithConsumer] 2023-12-01T19:55:17.097481 #83     GeneralizingAstVisitor.visitCompilationUnit (package:analyzer/dart/ast/visitor.dart:219:52)
[WrapWithConsumer] 2023-12-01T19:55:17.097481 #84     LinterVisitor.visitCompilationUnit (package:custom_lint_core/src/node_lint_visitor.g.dart:208:11)
[WrapWithConsumer] 2023-12-01T19:55:17.097481 #85     CompilationUnitImpl.accept (package:analyzer/src/dart/ast/ast.dart:3624:50)
[WrapWithConsumer] 2023-12-01T19:55:17.097481 #86     DartAssist.startUp.<anonymous closure> (package:custom_lint_core/src/assist.dart:81:17)
[WrapWithConsumer] 2023-12-01T19:55:17.097481 #87     _rootRun (dart:async/zone.dart:1399:13)
[WrapWithConsumer] 2023-12-01T19:55:17.097481 #88     _CustomZone.run (dart:async/zone.dart:1301:19)
[WrapWithConsumer] 2023-12-01T19:55:17.097481 #89     _CustomZone.bindCallback.<anonymous closure> (dart:async/zone.dart:1233:23)
[WrapWithConsumer] 2023-12-01T19:55:17.097481 #90     runPostRunCallbacks (package:custom_lint_core/src/plugin_base.dart:16:19)
[WrapWithConsumer] 2023-12-01T19:55:17.097481 #91     _ClientAnalyzerPlugin.handleEditGetAssists (package:custom_lint_builder/src/client.dart:463:5)
[WrapWithConsumer] 2023-12-01T19:55:17.097481 <asynchronous suspension>
[WrapWithConsumer] 2023-12-01T19:55:17.097481 #92     ServerPlugin._getResponse (package:analyzer_plugin/plugin/plugin.dart:556:18)
[WrapWithConsumer] 2023-12-01T19:55:17.097481 <asynchronous suspension>
[WrapWithConsumer] 2023-12-01T19:55:17.097481 #93     ServerPlugin._onRequest (package:analyzer_plugin/plugin/plugin.dart:599:18)
[WrapWithConsumer] 2023-12-01T19:55:17.097481 <asynchronous suspension>
[WrapWithConsumer] 2023-12-01T19:55:17.097481
[WrapWithProviderScope] 2023-12-01T19:55:17.129821 Plugin WrapWithProviderScope threw while analyzing /home/catalunha/myapp/navigator-2.0/lib/main.dart:
[WrapWithProviderScope] 2023-12-01T19:55:17.129821 InconsistentAnalysisException: Requested result might be inconsistent with previously returned results
[WrapWithProviderScope] 2023-12-01T19:55:17.129821
[WrapWithProviderScope] 2023-12-01T19:55:17.129821 #0      AnalysisSessionImpl._checkConsistency (package:analyzer/src/dart/analysis/session.dart:135:7)
[WrapWithProviderScope] 2023-12-01T19:55:17.129821 #1      AnalysisSessionImpl.getResolvedUnit (package:analyzer/src/dart/analysis/session.dart:121:5)
[WrapWithProviderScope] 2023-12-01T19:55:17.129821 #2      ChangeBuilderImpl._createDartFileEditBuilder (package:analyzer_plugin/src/utilities/change_builder/change_builder_core.dart:287:33)
[WrapWithProviderScope] 2023-12-01T19:55:17.129821 #3      ChangeBuilderImpl.addDartFileEdit (package:analyzer_plugin/src/utilities/change_builder/change_builder_core.dart:136:23)
[WrapWithProviderScope] 2023-12-01T19:55:17.129821 #4      _ChangeBuilderImpl.addDartFileEdit (package:custom_lint_core/src/change_reporter.dart:116:33)
[WrapWithProviderScope] 2023-12-01T19:55:17.129821 #5      WrapWithProviderScope.run.<anonymous closure> (package:riverpod_lint/src/assists/wrap_with_provider_scope.dart:33:21)
[WrapWithProviderScope] 2023-12-01T19:55:17.129821 #6      _rootRunUnary (dart:async/zone.dart:1415:13)
[WrapWithProviderScope] 2023-12-01T19:55:17.129821 #7      _CustomZone.runUnary (dart:async/zone.dart:1308:19)
[WrapWithProviderScope] 2023-12-01T19:55:17.129821 #8      LinterVisitor._runSubscriptions (package:custom_lint_core/src/node_lint_visitor.g.dart:29:27)
[WrapWithProviderScope] 2023-12-01T19:55:17.129821 #9      LinterVisitor.visitInstanceCreationExpression (package:custom_lint_core/src/node_lint_visitor.g.dart:609:5)
[WrapWithProviderScope] 2023-12-01T19:55:17.129821 #10     InstanceCreationExpressionImpl.accept (package:analyzer/src/dart/ast/ast.dart:10462:15)
[WrapWithProviderScope] 2023-12-01T19:55:17.129821 #11     NodeListImpl.accept (package:analyzer/src/dart/ast/ast.dart:12998:20)
[WrapWithProviderScope] 2023-12-01T19:55:17.129821 #12     ArgumentListImpl.visitChildren (package:analyzer/src/dart/ast/ast.dart:510:16)
[WrapWithProviderScope] 2023-12-01T19:55:17.129821 #13     GeneralizingAstVisitor.visitNode (package:analyzer/dart/ast/visitor.dart:535:10)
[WrapWithProviderScope] 2023-12-01T19:55:17.129821 #14     LinterVisitor.visitNode (package:custom_lint_core/src/node_lint_visitor.g.dart:784:11)
[WrapWithProviderScope] 2023-12-01T19:55:17.129821 #15     GeneralizingAstVisitor.visitArgumentList (package:analyzer/dart/ast/visitor.dart:143:46)
[WrapWithProviderScope] 2023-12-01T19:55:17.129821 #16     LinterVisitor.visitArgumentList (package:custom_lint_core/src/node_lint_visitor.g.dart:58:11)
[WrapWithProviderScope] 2023-12-01T19:55:17.129821 #17     ArgumentListImpl.accept (package:analyzer/src/dart/ast/ast.dart:506:50)
[WrapWithProviderScope] 2023-12-01T19:55:17.129821 #18     MethodInvocationImpl.visitChildren (package:analyzer/src/dart/ast/ast.dart:12327:19)
[WrapWithProviderScope] 2023-12-01T19:55:17.129821 #19     GeneralizingAstVisitor.visitNode (package:analyzer/dart/ast/visitor.dart:535:10)
[WrapWithProviderScope] 2023-12-01T19:55:17.129821 #20     LinterVisitor.visitNode (package:custom_lint_core/src/node_lint_visitor.g.dart:784:11)
[WrapWithProviderScope] 2023-12-01T19:55:17.129821 #21     GeneralizingAstVisitor.visitCollectionElement (package:analyzer/dart/ast/visitor.dart:208:56)
[WrapWithProviderScope] 2023-12-01T19:55:17.129821 #22     LinterVisitor.visitCollectionElement (package:custom_lint_core/src/node_lint_visitor.g.dart:184:11)
[WrapWithProviderScope] 2023-12-01T19:55:17.129821 #23     GeneralizingAstVisitor.visitExpression (package:analyzer/dart/ast/visitor.dart:305:42)
[WrapWithProviderScope] 2023-12-01T19:55:17.129821 #24     LinterVisitor.visitExpression (package:custom_lint_core/src/node_lint_visitor.g.dart:370:11)
[WrapWithProviderScope] 2023-12-01T19:55:17.129821 #25     GeneralizingAstVisitor.visitInvocationExpression (package:analyzer/dart/ast/visitor.dart:459:7)
[WrapWithProviderScope] 2023-12-01T19:55:17.129821 #26     LinterVisitor.visitInvocationExpression (package:custom_lint_core/src/node_lint_visitor.g.dart:640:11)
[WrapWithProviderScope] 2023-12-01T19:55:17.129821 #27     GeneralizingAstVisitor.visitMethodInvocation (package:analyzer/dart/ast/visitor.dart:509:7)
[WrapWithProviderScope] 2023-12-01T19:55:17.129821 #28     LinterVisitor.visitMethodInvocation (package:custom_lint_core/src/node_lint_visitor.g.dart:736:11)
[WrapWithProviderScope] 2023-12-01T19:55:17.129821 #29     MethodInvocationImpl.accept (package:analyzer/src/dart/ast/ast.dart:12315:50)
[WrapWithProviderScope] 2023-12-01T19:55:17.129821 #30     ExpressionStatementImpl.visitChildren (package:analyzer/src/dart/ast/ast.dart:6351:17)
[WrapWithProviderScope] 2023-12-01T19:55:17.129821 #31     GeneralizingAstVisitor.visitNode (package:analyzer/dart/ast/visitor.dart:535:10)
[WrapWithProviderScope] 2023-12-01T19:55:17.129821 #32     LinterVisitor.visitNode (package:custom_lint_core/src/node_lint_visitor.g.dart:784:11)
[WrapWithProviderScope] 2023-12-01T19:55:17.129821 #33     GeneralizingAstVisitor.visitStatement (package:analyzer/dart/ast/visitor.dart:679:40)
[WrapWithProviderScope] 2023-12-01T19:55:17.129821 #34     LinterVisitor.visitStatement (package:custom_lint_core/src/node_lint_visitor.g.dart:1029:11)
[WrapWithProviderScope] 2023-12-01T19:55:17.129821 #35     GeneralizingAstVisitor.visitExpressionStatement (package:analyzer/dart/ast/visitor.dart:312:60)
[WrapWithProviderScope] 2023-12-01T19:55:17.129821 #36     LinterVisitor.visitExpressionStatement (package:custom_lint_core/src/node_lint_visitor.g.dart:382:11)
[WrapWithProviderScope] 2023-12-01T19:55:17.129821 #37     ExpressionStatementImpl.accept (package:analyzer/src/dart/ast/ast.dart:6347:50)
[WrapWithProviderScope] 2023-12-01T19:55:17.129821 #38     NodeListImpl.accept (package:analyzer/src/dart/ast/ast.dart:12998:20)
[WrapWithProviderScope] 2023-12-01T19:55:17.129821 #39     BlockImpl.visitChildren (package:analyzer/src/dart/ast/ast.dart:1979:17)
[WrapWithProviderScope] 2023-12-01T19:55:17.129821 #40     GeneralizingAstVisitor.visitNode (package:analyzer/dart/ast/visitor.dart:535:10)
[WrapWithProviderScope] 2023-12-01T19:55:17.129821 #41     LinterVisitor.visitNode (package:custom_lint_core/src/node_lint_visitor.g.dart:784:11)
[WrapWithProviderScope] 2023-12-01T19:55:17.129821 #42     GeneralizingAstVisitor.visitStatement (package:analyzer/dart/ast/visitor.dart:679:40)
[WrapWithProviderScope] 2023-12-01T19:55:17.129821 #43     LinterVisitor.visitStatement (package:custom_lint_core/src/node_lint_visitor.g.dart:1029:11)
[WrapWithProviderScope] 2023-12-01T19:55:17.129821 #44     GeneralizingAstVisitor.visitBlock (package:analyzer/dart/ast/visitor.dart:173:32)
[WrapWithProviderScope] 2023-12-01T19:55:17.129821 #45     LinterVisitor.visitBlock (package:custom_lint_core/src/node_lint_visitor.g.dart:112:11)
[WrapWithProviderScope] 2023-12-01T19:55:17.129821 #46     BlockImpl.accept (package:analyzer/src/dart/ast/ast.dart:1975:50)
[WrapWithProviderScope] 2023-12-01T19:55:17.129821 #47     BlockFunctionBodyImpl.visitChildren (package:analyzer/src/dart/ast/ast.dart:1930:12)
[WrapWithProviderScope] 2023-12-01T19:55:17.129821 #48     GeneralizingAstVisitor.visitNode (package:analyzer/dart/ast/visitor.dart:535:10)
[WrapWithProviderScope] 2023-12-01T19:55:17.129821 #49     LinterVisitor.visitNode (package:custom_lint_core/src/node_lint_visitor.g.dart:784:11)
[WrapWithProviderScope] 2023-12-01T19:55:17.129821 #50     GeneralizingAstVisitor.visitFunctionBody (package:analyzer/dart/ast/visitor.dart:373:46)
[WrapWithProviderScope] 2023-12-01T19:55:17.129821 #51     LinterVisitor.visitFunctionBody (package:custom_lint_core/src/node_lint_visitor.g.dart:490:11)
[WrapWithProviderScope] 2023-12-01T19:55:17.129821 #52     GeneralizingAstVisitor.visitBlockFunctionBody (package:analyzer/dart/ast/visitor.dart:176:56)
[WrapWithProviderScope] 2023-12-01T19:55:17.129821 #53     LinterVisitor.visitBlockFunctionBody (package:custom_lint_core/src/node_lint_visitor.g.dart:118:11)
[WrapWithProviderScope] 2023-12-01T19:55:17.129821 #54     BlockFunctionBodyImpl.accept (package:analyzer/src/dart/ast/ast.dart:1922:50)
[WrapWithProviderScope] 2023-12-01T19:55:17.129821 #55     FunctionExpressionImpl.visitChildren (package:analyzer/src/dart/ast/ast.dart:8521:11)
[WrapWithProviderScope] 2023-12-01T19:55:17.129821 #56     GeneralizingAstVisitor.visitNode (package:analyzer/dart/ast/visitor.dart:535:10)
[WrapWithProviderScope] 2023-12-01T19:55:17.129821 #57     LinterVisitor.visitNode (package:custom_lint_core/src/node_lint_visitor.g.dart:784:11)
[WrapWithProviderScope] 2023-12-01T19:55:17.129821 #58     GeneralizingAstVisitor.visitCollectionElement (package:analyzer/dart/ast/visitor.dart:208:56)
[WrapWithProviderScope] 2023-12-01T19:55:17.129821 #59     LinterVisitor.visitCollectionElement (package:custom_lint_core/src/node_lint_visitor.g.dart:184:11)
[WrapWithProviderScope] 2023-12-01T19:55:17.129821 #60     GeneralizingAstVisitor.visitExpression (package:analyzer/dart/ast/visitor.dart:305:42)
[WrapWithProviderScope] 2023-12-01T19:55:17.129821 #61     LinterVisitor.visitExpression (package:custom_lint_core/src/node_lint_visitor.g.dart:370:11)
[WrapWithProviderScope] 2023-12-01T19:55:17.129821 #62     GeneralizingAstVisitor.visitFunctionExpression (package:analyzer/dart/ast/visitor.dart:388:58)
[WrapWithProviderScope] 2023-12-01T19:55:17.129821 #63     LinterVisitor.visitFunctionExpression (package:custom_lint_core/src/node_lint_visitor.g.dart:508:11)
[WrapWithProviderScope] 2023-12-01T19:55:17.129821 #64     FunctionExpressionImpl.accept (package:analyzer/src/dart/ast/ast.dart:8510:50)
[WrapWithProviderScope] 2023-12-01T19:55:17.129821 #65     FunctionDeclarationImpl.visitChildren (package:analyzer/src/dart/ast/ast.dart:8355:25)
[WrapWithProviderScope] 2023-12-01T19:55:17.129821 #66     GeneralizingAstVisitor.visitNode (package:analyzer/dart/ast/visitor.dart:535:10)
[WrapWithProviderScope] 2023-12-01T19:55:17.129821 #67     LinterVisitor.visitNode (package:custom_lint_core/src/node_lint_visitor.g.dart:784:11)
[WrapWithProviderScope] 2023-12-01T19:55:17.129821 #68     GeneralizingAstVisitor.visitAnnotatedNode (package:analyzer/dart/ast/visitor.dart:137:48)
[WrapWithProviderScope] 2023-12-01T19:55:17.129821 #69     LinterVisitor.visitAnnotatedNode (package:custom_lint_core/src/node_lint_visitor.g.dart:46:11)
[WrapWithProviderScope] 2023-12-01T19:55:17.129821 #70     GeneralizingAstVisitor.visitDeclaration (package:analyzer/dart/ast/visitor.dart:260:44)
[WrapWithProviderScope] 2023-12-01T19:55:17.129821 #71     LinterVisitor.visitDeclaration (package:custom_lint_core/src/node_lint_visitor.g.dart:286:11)
[WrapWithProviderScope] 2023-12-01T19:55:17.129821 #72     GeneralizingAstVisitor.visitCompilationUnitMember (package:analyzer/dart/ast/visitor.dart:222:7)
[WrapWithProviderScope] 2023-12-01T19:55:17.129821 #73     LinterVisitor.visitCompilationUnitMember (package:custom_lint_core/src/node_lint_visitor.g.dart:214:11)
[WrapWithProviderScope] 2023-12-01T19:55:17.129821 #74     GeneralizingAstVisitor.visitNamedCompilationUnitMember (package:analyzer/dart/ast/visitor.dart:516:7)
[WrapWithProviderScope] 2023-12-01T19:55:17.129821 #75     LinterVisitor.visitNamedCompilationUnitMember (package:custom_lint_core/src/node_lint_visitor.g.dart:748:11)
[WrapWithProviderScope] 2023-12-01T19:55:17.129821 #76     GeneralizingAstVisitor.visitFunctionDeclaration (package:analyzer/dart/ast/visitor.dart:380:12)
[WrapWithProviderScope] 2023-12-01T19:55:17.129821 #77     LinterVisitor.visitFunctionDeclaration (package:custom_lint_core/src/node_lint_visitor.g.dart:496:11)
[WrapWithProviderScope] 2023-12-01T19:55:17.129821 #78     FunctionDeclarationImpl.accept (package:analyzer/src/dart/ast/ast.dart:8349:50)
[WrapWithProviderScope] 2023-12-01T19:55:17.129821 #79     NodeListImpl.accept (package:analyzer/src/dart/ast/ast.dart:12998:20)
[WrapWithProviderScope] 2023-12-01T19:55:17.129821 #80     CompilationUnitImpl.visitChildren (package:analyzer/src/dart/ast/ast.dart:3631:21)
[WrapWithProviderScope] 2023-12-01T19:55:17.129821 #81     GeneralizingAstVisitor.visitNode (package:analyzer/dart/ast/visitor.dart:535:10)
[WrapWithProviderScope] 2023-12-01T19:55:17.129821 #82     LinterVisitor.visitNode (package:custom_lint_core/src/node_lint_visitor.g.dart:784:11)
[WrapWithProviderScope] 2023-12-01T19:55:17.129821 #83     GeneralizingAstVisitor.visitCompilationUnit (package:analyzer/dart/ast/visitor.dart:219:52)
[WrapWithProviderScope] 2023-12-01T19:55:17.129821 #84     LinterVisitor.visitCompilationUnit (package:custom_lint_core/src/node_lint_visitor.g.dart:208:11)
[WrapWithProviderScope] 2023-12-01T19:55:17.129821 #85     CompilationUnitImpl.accept (package:analyzer/src/dart/ast/ast.dart:3624:50)
[WrapWithProviderScope] 2023-12-01T19:55:17.129821 #86     DartAssist.startUp.<anonymous closure> (package:custom_lint_core/src/assist.dart:81:17)
[WrapWithProviderScope] 2023-12-01T19:55:17.129821 #87     _rootRun (dart:async/zone.dart:1399:13)
[WrapWithProviderScope] 2023-12-01T19:55:17.129821 #88     _CustomZone.run (dart:async/zone.dart:1301:19)
[WrapWithProviderScope] 2023-12-01T19:55:17.129821 #89     _CustomZone.bindCallback.<anonymous closure> (dart:async/zone.dart:1233:23)
[WrapWithProviderScope] 2023-12-01T19:55:17.129821 #90     runPostRunCallbacks (package:custom_lint_core/src/plugin_base.dart:16:19)
[WrapWithProviderScope] 2023-12-01T19:55:17.129821 #91     _ClientAnalyzerPlugin.handleEditGetAssists (package:custom_lint_builder/src/client.dart:463:5)
[WrapWithProviderScope] 2023-12-01T19:55:17.129821 <asynchronous suspension>
[WrapWithProviderScope] 2023-12-01T19:55:17.129821 #92     ServerPlugin._getResponse (package:analyzer_plugin/plugin/plugin.dart:556:18)
[WrapWithProviderScope] 2023-12-01T19:55:17.129821 <asynchronous suspension>
[WrapWithProviderScope] 2023-12-01T19:55:17.129821 #93     ServerPlugin._onRequest (package:analyzer_plugin/plugin/plugin.dart:599:18)
[WrapWithProviderScope] 2023-12-01T19:55:17.129821 <asynchronous suspension>
[WrapWithProviderScope] 2023-12-01T19:55:17.129821
